<?xml version="1.0" encoding="UTF-8"?>
<!-- Generated by org.testng.reporters.JUnitReportReporter -->
<testsuite hostname="LAPTOP-8N3215D7" failures="0" tests="4" name="testCases.DemoWebShopTesting" time="9.530" errors="0" timestamp="2023-03-14T01:09:42 IST" skipped="0">
  <testcase classname="testCases.DemoWebShopTesting" name="validateTheUserAccountID" time="0.038"/>
  <system-out/>
  <testcase classname="testCases.DemoWebShopTesting" name="validateTheMessageWhenProductIsAddedToCart" time="3.047"/>
  <system-out/>
  <testcase classname="testCases.DemoWebShopTesting" name="validateCODMessage" time="5.374"/>
  <system-out/>
  <testcase classname="testCases.DemoWebShopTesting" name="validateOrderSuccessMessage" time="1.071"/>
  <system-out/>
</testsuite> <!-- testCases.DemoWebShopTesting -->
